2019-10-23 09:48:15,848 - webcrawer service - ERROR - 运行失败: shanxishenzhaobiaogonggongfuwupingtai
2019-10-23 09:48:16,066 - webcrawer service - ERROR - Traceback (most recent call last):
  File "C:\Users\yuele\AppData\Local\Programs\Python\Python37\lib\site-packages\selenium\webdriver\common\service.py", line 76, in start
    stdin=PIPE)
  File "C:\Users\yuele\AppData\Local\Programs\Python\Python37\lib\subprocess.py", line 800, in __init__
    restore_signals, start_new_session)
  File "C:\Users\yuele\AppData\Local\Programs\Python\Python37\lib\subprocess.py", line 1207, in _execute_child
    startupinfo)
FileNotFoundError: [WinError 2] 系统找不到指定的文件。

During handling of the above exception, another exception occurred:

Traceback (most recent call last):
  File "D:/crawler/Web_crawler/new_Crawler/try_pipeline_test.py", line 98, in Pipeline
    result = testClass.RunMain(text["original_url"], self.key_array, key)
  File "D:\crawler\Web_crawler\new_Crawler\test.py", line 14, in RunMain
    model = Crawler_URL()
  File "D:\crawler\Web_crawler\new_Crawler\CrawlerModule.py", line 33, in __init__
    self.driver = webdriver.Chrome(config.driver_windows, chrome_options=chrome_options)
  File "C:\Users\yuele\AppData\Local\Programs\Python\Python37\lib\site-packages\selenium\webdriver\chrome\webdriver.py", line 73, in __init__
    self.service.start()
  File "C:\Users\yuele\AppData\Local\Programs\Python\Python37\lib\site-packages\selenium\webdriver\common\service.py", line 83, in start
    os.path.basename(self.path), self.start_error_message)
selenium.common.exceptions.WebDriverException: Message: 'chromedriver.exe' executable needs to be in PATH. Please see https://sites.google.com/a/chromium.org/chromedriver/home


2019-10-23 09:48:21,473 - webcrawer service - ERROR - 运行失败: shanxishenzhaobiaogonggongfuwupingtai
2019-10-23 09:48:21,489 - webcrawer service - ERROR - Traceback (most recent call last):
  File "C:\Users\yuele\AppData\Local\Programs\Python\Python37\lib\site-packages\selenium\webdriver\common\service.py", line 76, in start
    stdin=PIPE)
  File "C:\Users\yuele\AppData\Local\Programs\Python\Python37\lib\subprocess.py", line 800, in __init__
    restore_signals, start_new_session)
  File "C:\Users\yuele\AppData\Local\Programs\Python\Python37\lib\subprocess.py", line 1207, in _execute_child
    startupinfo)
FileNotFoundError: [WinError 2] 系统找不到指定的文件。

During handling of the above exception, another exception occurred:

Traceback (most recent call last):
  File "D:/crawler/Web_crawler/new_Crawler/try_pipeline_test.py", line 98, in Pipeline
    result = testClass.RunMain(text["original_url"], self.key_array, key)
  File "D:\crawler\Web_crawler\new_Crawler\test.py", line 14, in RunMain
    model = Crawler_URL()
  File "D:\crawler\Web_crawler\new_Crawler\CrawlerModule.py", line 33, in __init__
    self.driver = webdriver.Chrome(config.driver_windows, chrome_options=chrome_options)
  File "C:\Users\yuele\AppData\Local\Programs\Python\Python37\lib\site-packages\selenium\webdriver\chrome\webdriver.py", line 73, in __init__
    self.service.start()
  File "C:\Users\yuele\AppData\Local\Programs\Python\Python37\lib\site-packages\selenium\webdriver\common\service.py", line 83, in start
    os.path.basename(self.path), self.start_error_message)
selenium.common.exceptions.WebDriverException: Message: 'chromedriver.exe' executable needs to be in PATH. Please see https://sites.google.com/a/chromium.org/chromedriver/home


2019-10-23 09:48:49,569 - webcrawer service - ERROR - 运行失败: shangdongcaigouyuzhaobiao
2019-10-23 09:48:49,569 - webcrawer service - ERROR - Traceback (most recent call last):
  File "C:\Users\yuele\AppData\Local\Programs\Python\Python37\lib\site-packages\selenium\webdriver\common\service.py", line 76, in start
    stdin=PIPE)
  File "C:\Users\yuele\AppData\Local\Programs\Python\Python37\lib\subprocess.py", line 800, in __init__
    restore_signals, start_new_session)
  File "C:\Users\yuele\AppData\Local\Programs\Python\Python37\lib\subprocess.py", line 1207, in _execute_child
    startupinfo)
FileNotFoundError: [WinError 2] 系统找不到指定的文件。

During handling of the above exception, another exception occurred:

Traceback (most recent call last):
  File "D:/crawler/Web_crawler/new_Crawler/try_pipeline_test.py", line 98, in Pipeline
    result = testClass.RunMain(text["original_url"], self.key_array, key)
  File "D:\crawler\Web_crawler\new_Crawler\test.py", line 14, in RunMain
    model = Crawler_URL()
  File "D:\crawler\Web_crawler\new_Crawler\CrawlerModule.py", line 33, in __init__
    self.driver = webdriver.Chrome(config.driver_windows, chrome_options=chrome_options)
  File "C:\Users\yuele\AppData\Local\Programs\Python\Python37\lib\site-packages\selenium\webdriver\chrome\webdriver.py", line 73, in __init__
    self.service.start()
  File "C:\Users\yuele\AppData\Local\Programs\Python\Python37\lib\site-packages\selenium\webdriver\common\service.py", line 83, in start
    os.path.basename(self.path), self.start_error_message)
selenium.common.exceptions.WebDriverException: Message: 'chromedriver.exe' executable needs to be in PATH. Please see https://sites.google.com/a/chromium.org/chromedriver/home


2019-10-23 09:48:52,959 - webcrawer service - ERROR - 运行失败: shangdongcaigouyuzhaobiao
2019-10-23 09:48:52,959 - webcrawer service - ERROR - Traceback (most recent call last):
  File "C:\Users\yuele\AppData\Local\Programs\Python\Python37\lib\site-packages\selenium\webdriver\common\service.py", line 76, in start
    stdin=PIPE)
  File "C:\Users\yuele\AppData\Local\Programs\Python\Python37\lib\subprocess.py", line 800, in __init__
    restore_signals, start_new_session)
  File "C:\Users\yuele\AppData\Local\Programs\Python\Python37\lib\subprocess.py", line 1207, in _execute_child
    startupinfo)
FileNotFoundError: [WinError 2] 系统找不到指定的文件。

During handling of the above exception, another exception occurred:

Traceback (most recent call last):
  File "D:/crawler/Web_crawler/new_Crawler/try_pipeline_test.py", line 98, in Pipeline
    result = testClass.RunMain(text["original_url"], self.key_array, key)
  File "D:\crawler\Web_crawler\new_Crawler\test.py", line 14, in RunMain
    model = Crawler_URL()
  File "D:\crawler\Web_crawler\new_Crawler\CrawlerModule.py", line 33, in __init__
    self.driver = webdriver.Chrome(config.driver_windows, chrome_options=chrome_options)
  File "C:\Users\yuele\AppData\Local\Programs\Python\Python37\lib\site-packages\selenium\webdriver\chrome\webdriver.py", line 73, in __init__
    self.service.start()
  File "C:\Users\yuele\AppData\Local\Programs\Python\Python37\lib\site-packages\selenium\webdriver\common\service.py", line 83, in start
    os.path.basename(self.path), self.start_error_message)
selenium.common.exceptions.WebDriverException: Message: 'chromedriver.exe' executable needs to be in PATH. Please see https://sites.google.com/a/chromium.org/chromedriver/home


2019-10-23 10:19:11,289 - webcrawer service - ERROR - 运行失败: shangdongcaigouyuzhaobiao
2019-10-23 10:19:11,649 - webcrawer service - ERROR - Traceback (most recent call last):
  File "C:\Users\yuele\AppData\Local\Programs\Python\Python37\lib\site-packages\selenium\webdriver\common\service.py", line 76, in start
    stdin=PIPE)
  File "C:\Users\yuele\AppData\Local\Programs\Python\Python37\lib\subprocess.py", line 800, in __init__
    restore_signals, start_new_session)
  File "C:\Users\yuele\AppData\Local\Programs\Python\Python37\lib\subprocess.py", line 1207, in _execute_child
    startupinfo)
  File "C:\Program Files\JetBrains\PyCharm 2018.3.5\helpers\pydev\_pydev_bundle\pydev_monkey.py", line 452, in new_CreateProcess
    return getattr(_subprocess, original_name)(app_name, patch_arg_str_win(cmd_line), *args)
FileNotFoundError: [WinError 2] 系统找不到指定的文件。

During handling of the above exception, another exception occurred:

Traceback (most recent call last):
  File "D:/crawler/Web_crawler/new_Crawler/try_pipeline_test.py", line 98, in Pipeline
    result = testClass.RunMain(text["original_url"], self.key_array, key)
  File "D:\crawler\Web_crawler\new_Crawler\test.py", line 14, in RunMain
    model = Crawler_URL()
  File "D:\crawler\Web_crawler\new_Crawler\CrawlerModule.py", line 33, in __init__
    self.driver = webdriver.Chrome(config.driver_windows, chrome_options=chrome_options)
  File "C:\Users\yuele\AppData\Local\Programs\Python\Python37\lib\site-packages\selenium\webdriver\chrome\webdriver.py", line 73, in __init__
    self.service.start()
  File "C:\Users\yuele\AppData\Local\Programs\Python\Python37\lib\site-packages\selenium\webdriver\common\service.py", line 83, in start
    os.path.basename(self.path), self.start_error_message)
selenium.common.exceptions.WebDriverException: Message: 'chromedriver.exe' executable needs to be in PATH. Please see https://sites.google.com/a/chromium.org/chromedriver/home


2019-10-23 10:20:25,102 - webcrawer service - ERROR - 运行失败: shangdongcaigouyuzhaobiao
2019-10-23 10:20:26,133 - webcrawer service - ERROR - Traceback (most recent call last):
  File "C:\Users\yuele\AppData\Local\Programs\Python\Python37\lib\site-packages\selenium\webdriver\common\service.py", line 76, in start
    stdin=PIPE)
  File "C:\Users\yuele\AppData\Local\Programs\Python\Python37\lib\subprocess.py", line 800, in __init__
    restore_signals, start_new_session)
  File "C:\Users\yuele\AppData\Local\Programs\Python\Python37\lib\subprocess.py", line 1207, in _execute_child
    startupinfo)
  File "C:\Program Files\JetBrains\PyCharm 2018.3.5\helpers\pydev\_pydev_bundle\pydev_monkey.py", line 452, in new_CreateProcess
    return getattr(_subprocess, original_name)(app_name, patch_arg_str_win(cmd_line), *args)
FileNotFoundError: [WinError 2] 系统找不到指定的文件。

During handling of the above exception, another exception occurred:

Traceback (most recent call last):
  File "D:/crawler/Web_crawler/new_Crawler/try_pipeline_test.py", line 98, in Pipeline
    result = testClass.RunMain(text["original_url"], self.key_array, key)
  File "D:\crawler\Web_crawler\new_Crawler\test.py", line 14, in RunMain
    model = Crawler_URL()
  File "D:\crawler\Web_crawler\new_Crawler\CrawlerModule.py", line 33, in __init__
    self.driver = webdriver.Chrome(config.driver_windows, chrome_options=chrome_options)
  File "C:\Users\yuele\AppData\Local\Programs\Python\Python37\lib\site-packages\selenium\webdriver\chrome\webdriver.py", line 73, in __init__
    self.service.start()
  File "C:\Users\yuele\AppData\Local\Programs\Python\Python37\lib\site-packages\selenium\webdriver\common\service.py", line 83, in start
    os.path.basename(self.path), self.start_error_message)
selenium.common.exceptions.WebDriverException: Message: 'chromedriver.exe' executable needs to be in PATH. Please see https://sites.google.com/a/chromium.org/chromedriver/home


2019-10-23 10:21:40,467 - webcrawer service - ERROR - 运行失败: shangdongcaigouyuzhaobiao
2019-10-23 10:21:40,467 - webcrawer service - ERROR - Traceback (most recent call last):
  File "C:\Users\yuele\AppData\Local\Programs\Python\Python37\lib\site-packages\selenium\webdriver\common\service.py", line 76, in start
    stdin=PIPE)
  File "C:\Users\yuele\AppData\Local\Programs\Python\Python37\lib\subprocess.py", line 800, in __init__
    restore_signals, start_new_session)
  File "C:\Users\yuele\AppData\Local\Programs\Python\Python37\lib\subprocess.py", line 1207, in _execute_child
    startupinfo)
  File "C:\Program Files\JetBrains\PyCharm 2018.3.5\helpers\pydev\_pydev_bundle\pydev_monkey.py", line 452, in new_CreateProcess
    return getattr(_subprocess, original_name)(app_name, patch_arg_str_win(cmd_line), *args)
FileNotFoundError: [WinError 2] 系统找不到指定的文件。

During handling of the above exception, another exception occurred:

Traceback (most recent call last):
  File "D:/crawler/Web_crawler/new_Crawler/try_pipeline_test.py", line 98, in Pipeline
    result = testClass.RunMain(text["original_url"], self.key_array, key)
  File "D:\crawler\Web_crawler\new_Crawler\test.py", line 14, in RunMain
    model = Crawler_URL()
  File "D:\crawler\Web_crawler\new_Crawler\CrawlerModule.py", line 33, in __init__
    self.driver = webdriver.Chrome(config.driver_windows, chrome_options=chrome_options)
  File "C:\Users\yuele\AppData\Local\Programs\Python\Python37\lib\site-packages\selenium\webdriver\chrome\webdriver.py", line 73, in __init__
    self.service.start()
  File "C:\Users\yuele\AppData\Local\Programs\Python\Python37\lib\site-packages\selenium\webdriver\common\service.py", line 83, in start
    os.path.basename(self.path), self.start_error_message)
selenium.common.exceptions.WebDriverException: Message: 'chromedriver.exe' executable needs to be in PATH. Please see https://sites.google.com/a/chromium.org/chromedriver/home


2019-10-23 10:23:49,764 - webcrawer service - ERROR - 运行失败: shangdongcaigouyuzhaobiao
2019-10-23 10:23:49,764 - webcrawer service - ERROR - Traceback (most recent call last):
  File "C:\Users\yuele\AppData\Local\Programs\Python\Python37\lib\site-packages\selenium\webdriver\common\service.py", line 76, in start
    stdin=PIPE)
  File "C:\Users\yuele\AppData\Local\Programs\Python\Python37\lib\subprocess.py", line 800, in __init__
    restore_signals, start_new_session)
  File "C:\Users\yuele\AppData\Local\Programs\Python\Python37\lib\subprocess.py", line 1207, in _execute_child
    startupinfo)
  File "C:\Program Files\JetBrains\PyCharm 2018.3.5\helpers\pydev\_pydev_bundle\pydev_monkey.py", line 452, in new_CreateProcess
    return getattr(_subprocess, original_name)(app_name, patch_arg_str_win(cmd_line), *args)
FileNotFoundError: [WinError 2] 系统找不到指定的文件。

During handling of the above exception, another exception occurred:

Traceback (most recent call last):
  File "D:/crawler/Web_crawler/new_Crawler/try_pipeline_test.py", line 98, in Pipeline
    result = testClass.RunMain(text["original_url"], self.key_array, key)
  File "D:\crawler\Web_crawler\new_Crawler\test.py", line 14, in RunMain
    model = Crawler_URL()
  File "D:\crawler\Web_crawler\new_Crawler\CrawlerModule.py", line 33, in __init__
    self.driver = webdriver.Chrome(config.driver_windows, chrome_options=chrome_options)
  File "C:\Users\yuele\AppData\Local\Programs\Python\Python37\lib\site-packages\selenium\webdriver\chrome\webdriver.py", line 73, in __init__
    self.service.start()
  File "C:\Users\yuele\AppData\Local\Programs\Python\Python37\lib\site-packages\selenium\webdriver\common\service.py", line 83, in start
    os.path.basename(self.path), self.start_error_message)
selenium.common.exceptions.WebDriverException: Message: 'chromedriver.exe' executable needs to be in PATH. Please see https://sites.google.com/a/chromium.org/chromedriver/home


2019-10-23 10:24:16,962 - webcrawer service - ERROR - 运行失败: shangdongcaigouyuzhaobiao
2019-10-23 10:24:16,962 - webcrawer service - ERROR - Traceback (most recent call last):
  File "C:\Users\yuele\AppData\Local\Programs\Python\Python37\lib\site-packages\selenium\webdriver\common\service.py", line 76, in start
    stdin=PIPE)
  File "C:\Users\yuele\AppData\Local\Programs\Python\Python37\lib\subprocess.py", line 800, in __init__
    restore_signals, start_new_session)
  File "C:\Users\yuele\AppData\Local\Programs\Python\Python37\lib\subprocess.py", line 1207, in _execute_child
    startupinfo)
  File "C:\Program Files\JetBrains\PyCharm 2018.3.5\helpers\pydev\_pydev_bundle\pydev_monkey.py", line 452, in new_CreateProcess
    return getattr(_subprocess, original_name)(app_name, patch_arg_str_win(cmd_line), *args)
FileNotFoundError: [WinError 2] 系统找不到指定的文件。

During handling of the above exception, another exception occurred:

Traceback (most recent call last):
  File "D:/crawler/Web_crawler/new_Crawler/try_pipeline_test.py", line 98, in Pipeline
    result = testClass.RunMain(text["original_url"], self.key_array, key)
  File "D:\crawler\Web_crawler\new_Crawler\test.py", line 14, in RunMain
    model = Crawler_URL()
  File "D:\crawler\Web_crawler\new_Crawler\CrawlerModule.py", line 33, in __init__
    self.driver = webdriver.Chrome(config.driver_windows, chrome_options=chrome_options)
  File "C:\Users\yuele\AppData\Local\Programs\Python\Python37\lib\site-packages\selenium\webdriver\chrome\webdriver.py", line 73, in __init__
    self.service.start()
  File "C:\Users\yuele\AppData\Local\Programs\Python\Python37\lib\site-packages\selenium\webdriver\common\service.py", line 83, in start
    os.path.basename(self.path), self.start_error_message)
selenium.common.exceptions.WebDriverException: Message: 'chromedriver.exe' executable needs to be in PATH. Please see https://sites.google.com/a/chromium.org/chromedriver/home


2019-10-23 10:25:26,548 - webcrawer service - ERROR - 运行失败: shangdongcaigouyuzhaobiao
2019-10-23 10:25:26,548 - webcrawer service - ERROR - Traceback (most recent call last):
  File "C:\Users\yuele\AppData\Local\Programs\Python\Python37\lib\site-packages\selenium\webdriver\common\service.py", line 76, in start
    stdin=PIPE)
  File "C:\Users\yuele\AppData\Local\Programs\Python\Python37\lib\subprocess.py", line 800, in __init__
    restore_signals, start_new_session)
  File "C:\Users\yuele\AppData\Local\Programs\Python\Python37\lib\subprocess.py", line 1207, in _execute_child
    startupinfo)
  File "C:\Program Files\JetBrains\PyCharm 2018.3.5\helpers\pydev\_pydev_bundle\pydev_monkey.py", line 452, in new_CreateProcess
    return getattr(_subprocess, original_name)(app_name, patch_arg_str_win(cmd_line), *args)
FileNotFoundError: [WinError 2] 系统找不到指定的文件。

During handling of the above exception, another exception occurred:

Traceback (most recent call last):
  File "D:/crawler/Web_crawler/new_Crawler/try_pipeline_test.py", line 98, in Pipeline
    result = testClass.RunMain(text["original_url"], self.key_array, key)
  File "D:\crawler\Web_crawler\new_Crawler\test.py", line 14, in RunMain
    model = Crawler_URL()
  File "D:\crawler\Web_crawler\new_Crawler\CrawlerModule.py", line 33, in __init__
    self.driver = webdriver.Chrome(config.driver_windows, chrome_options=chrome_options)
  File "C:\Users\yuele\AppData\Local\Programs\Python\Python37\lib\site-packages\selenium\webdriver\chrome\webdriver.py", line 73, in __init__
    self.service.start()
  File "C:\Users\yuele\AppData\Local\Programs\Python\Python37\lib\site-packages\selenium\webdriver\common\service.py", line 83, in start
    os.path.basename(self.path), self.start_error_message)
selenium.common.exceptions.WebDriverException: Message: 'chromedriver.exe' executable needs to be in PATH. Please see https://sites.google.com/a/chromium.org/chromedriver/home


2019-10-23 10:26:34,979 - webcrawer service - ERROR - 运行失败: shangdongcaigouyuzhaobiao
2019-10-23 10:26:34,979 - webcrawer service - ERROR - Traceback (most recent call last):
  File "C:\Users\yuele\AppData\Local\Programs\Python\Python37\lib\site-packages\selenium\webdriver\common\service.py", line 76, in start
    stdin=PIPE)
  File "C:\Users\yuele\AppData\Local\Programs\Python\Python37\lib\subprocess.py", line 800, in __init__
    restore_signals, start_new_session)
  File "C:\Users\yuele\AppData\Local\Programs\Python\Python37\lib\subprocess.py", line 1207, in _execute_child
    startupinfo)
  File "C:\Program Files\JetBrains\PyCharm 2018.3.5\helpers\pydev\_pydev_bundle\pydev_monkey.py", line 452, in new_CreateProcess
    return getattr(_subprocess, original_name)(app_name, patch_arg_str_win(cmd_line), *args)
FileNotFoundError: [WinError 2] 系统找不到指定的文件。

During handling of the above exception, another exception occurred:

Traceback (most recent call last):
  File "D:/crawler/Web_crawler/new_Crawler/try_pipeline_test.py", line 98, in Pipeline
    result = testClass.RunMain(text["original_url"], self.key_array, key)
  File "D:\crawler\Web_crawler\new_Crawler\test.py", line 14, in RunMain
    model = Crawler_URL()
  File "D:\crawler\Web_crawler\new_Crawler\CrawlerModule.py", line 33, in __init__
    self.driver = webdriver.Chrome(config.driver_windows, chrome_options=chrome_options)
  File "C:\Users\yuele\AppData\Local\Programs\Python\Python37\lib\site-packages\selenium\webdriver\chrome\webdriver.py", line 73, in __init__
    self.service.start()
  File "C:\Users\yuele\AppData\Local\Programs\Python\Python37\lib\site-packages\selenium\webdriver\common\service.py", line 83, in start
    os.path.basename(self.path), self.start_error_message)
selenium.common.exceptions.WebDriverException: Message: 'chromedriver.exe' executable needs to be in PATH. Please see https://sites.google.com/a/chromium.org/chromedriver/home


2019-10-23 17:39:25,775 - webcrawer service - ERROR - 运行失败: neimengguzizhiquzhengfucaigou
2019-10-23 17:39:25,790 - webcrawer service - ERROR - Traceback (most recent call last):
  File "D:/crawler/Web_crawler/new_Crawler/try_pipeline_test.py", line 134, in Pipeline
    result = self.bank(result,text["type"])
KeyError: 'type'

2019-10-23 17:43:50,025 - webcrawer service - ERROR - 运行失败: neimengguzizhiquzhengfucaigou
2019-10-23 17:43:50,025 - webcrawer service - ERROR - Traceback (most recent call last):
  File "D:/crawler/Web_crawler/new_Crawler/try_pipeline_test.py", line 134, in Pipeline
    result = self.bank(result,text["type"])
KeyError: 'type'

2019-10-24 09:21:39,671 - webcrawer service - ERROR - 运行失败: tianjinshizhengfucaigoupingtai
2019-10-24 09:21:39,687 - webcrawer service - ERROR - Traceback (most recent call last):
  File "D:/crawler/Web_crawler/new_Crawler/try_pipeline_test.py", line 133, in Pipeline
    result = testClass.RunMain(text["original_url"], self.key_array, key)
  File "D:\crawler\Web_crawler\new_Crawler\test.py", line 68, in RunMain
    original_url = model.page_url(original_url, tmp_parame, i)
  File "D:\crawler\Web_crawler\new_Crawler\CrawlerModule.py", line 198, in page_url
    page_name["data"][page_name["pageNoKey"]]=cur_page_num
KeyError: 'pageNoKey'

2019-10-24 09:28:07,803 - webcrawer service - ERROR - 运行失败: tianjinshizhengfucaigoupingtai
2019-10-24 09:28:07,803 - webcrawer service - ERROR - Traceback (most recent call last):
  File "D:/crawler/Web_crawler/new_Crawler/try_pipeline_test.py", line 133, in Pipeline
    result = testClass.RunMain(text["original_url"], self.key_array, key)
  File "D:\crawler\Web_crawler\new_Crawler\test.py", line 68, in RunMain
    original_url = model.page_url(original_url, tmp_parame, i)
  File "D:\crawler\Web_crawler\new_Crawler\CrawlerModule.py", line 198, in page_url
    page_name["data"][page_name["pageNoKey"]]=cur_page_num
KeyError: 'pageNoKey'

2019-10-24 09:31:53,424 - webcrawer service - ERROR - 运行失败: tianjinshizhengfucaigoupingtai
2019-10-24 09:31:53,424 - webcrawer service - ERROR - Traceback (most recent call last):
  File "D:/crawler/Web_crawler/new_Crawler/try_pipeline_test.py", line 133, in Pipeline
    result = testClass.RunMain(text["original_url"], self.key_array, key)
  File "D:\crawler\Web_crawler\new_Crawler\test.py", line 68, in RunMain
    original_url = model.page_url(original_url, tmp_parame, i)
  File "D:\crawler\Web_crawler\new_Crawler\CrawlerModule.py", line 198, in page_url
    page_name["data"][page_name["pageNoKey"]]=cur_page_num
KeyError: 'pageNoKey'

2019-10-24 09:36:58,488 - webcrawer service - ERROR - 运行失败: tianjinshizhengfucaigoupingtai
2019-10-24 09:36:58,488 - webcrawer service - ERROR - Traceback (most recent call last):
  File "D:/crawler/Web_crawler/new_Crawler/try_pipeline_test.py", line 133, in Pipeline
    result = testClass.RunMain(text["original_url"], self.key_array, key)
  File "D:\crawler\Web_crawler\new_Crawler\test.py", line 68, in RunMain
    original_url = model.page_url(original_url, tmp_parame, i)
  File "D:\crawler\Web_crawler\new_Crawler\CrawlerModule.py", line 198, in page_url
    page_name["data"][page_name["pageNoKey"]]=cur_page_num
KeyError: 'pageNoKey'

2019-10-24 09:43:44,269 - webcrawer service - ERROR - 运行失败: tianjinshizhengfucaigoupingtai
2019-10-24 09:43:44,269 - webcrawer service - ERROR - Traceback (most recent call last):
  File "D:/crawler/Web_crawler/new_Crawler/try_pipeline_test.py", line 133, in Pipeline
    result = testClass.RunMain(text["original_url"], self.key_array, key)
  File "D:\crawler\Web_crawler\new_Crawler\test.py", line 68, in RunMain
    original_url = model.page_url(original_url, tmp_parame, i)
  File "D:\crawler\Web_crawler\new_Crawler\CrawlerModule.py", line 198, in page_url
    page_name["data"][page_name["pageNoKey"]]=cur_page_num
KeyError: 'pageNoKey'

2019-10-24 09:51:56,705 - webcrawer service - ERROR - 运行失败: tianjinshizhengfucaigoupingtai
2019-10-24 09:51:56,705 - webcrawer service - ERROR - Traceback (most recent call last):
  File "D:/crawler/Web_crawler/new_Crawler/try_pipeline_test.py", line 134, in Pipeline
    result = self.bank(result,text["type"])
KeyError: 'type'

2019-10-24 09:55:46,841 - webcrawer service - ERROR - 运行失败: guangxizhaobiaotoubiaogonggongfuwupingtai
2019-10-24 09:55:46,841 - webcrawer service - ERROR - Traceback (most recent call last):
  File "D:/crawler/Web_crawler/new_Crawler/try_pipeline_test.py", line 134, in Pipeline
    result = self.bank(result,text["type"])
KeyError: 'type'

2019-10-24 09:59:50,935 - webcrawer service - ERROR - 运行失败: guangxizhaobiaotoubiaogonggongfuwupingtai
2019-10-24 09:59:50,935 - webcrawer service - ERROR - Traceback (most recent call last):
  File "D:/crawler/Web_crawler/new_Crawler/try_pipeline_test.py", line 134, in Pipeline
    result = self.bank(result,text["type"])
KeyError: 'type'

2019-10-24 10:05:19,858 - webcrawer service - INFO - 运行成功: guangxizhaobiaotoubiaogonggongfuwupingtai, 一共：1条
2019-10-24 10:35:54,777 - webcrawer service - INFO - 运行成功: zhejiangshenggonggongziyuanjiaoyiwang, 一共：0条
2019-10-24 10:38:17,508 - webcrawer service - INFO - 运行成功: zhejiangshenggonggongziyuanjiaoyiwang, 一共：1条
2019-10-24 10:57:13,156 - webcrawer service - INFO - 运行成功: jiangsuzhengfucaigouwang, 一共：0条
2019-10-24 10:58:31,960 - webcrawer service - INFO - 运行成功: jiangsuzhengfucaigouwang, 一共：4条
2019-10-24 13:24:35,582 - webcrawer service - INFO - 运行成功: jiangsuzhengfucaigouwang, 一共：6条
2019-10-24 13:34:30,025 - webcrawer service - INFO - 运行成功: hainanshenggonggongziyuanjiaoyiwang, 一共：0条
2019-10-24 13:52:12,828 - webcrawer service - INFO - 运行成功: hainanshenggonggongziyuanjiaoyiwang, 一共：0条
2019-10-24 14:39:55,412 - webcrawer service - ERROR - 运行失败: anzhaocai
2019-10-24 14:39:55,413 - webcrawer service - ERROR - Traceback (most recent call last):
  File "D:/crawler/Web_crawler/new_Crawler/try_pipeline_test.py", line 133, in Pipeline
    result = testClass.RunMain(text["original_url"], self.key_array, key)
  File "D:\crawler\Web_crawler\new_Crawler\test.py", line 16, in RunMain
    parame = parameter[html_name]
KeyError: 'anzhaocai'

2019-10-24 14:46:41,008 - webcrawer service - INFO - 运行成功: anzhaocai, 一共：0条
2019-10-24 14:50:58,471 - webcrawer service - INFO - 运行成功: anzhaocai, 一共：0条
2019-10-24 14:54:44,694 - webcrawer service - INFO - 运行成功: anzhaocai, 一共：5条
2019-10-24 16:24:00,516 - webcrawer service - INFO - 运行成功: jiangxiguozhengzhaobiaoyouxiangongsi, 一共：0条
2019-10-24 16:25:06,555 - webcrawer service - INFO - 运行成功: jiangxiguozhengzhaobiaoyouxiangongsi, 一共：0条
2019-10-24 16:27:13,299 - webcrawer service - INFO - 运行成功: jiangxiguozhengzhaobiaoyouxiangongsi, 一共：0条
2019-10-24 16:33:42,050 - webcrawer service - INFO - 运行成功: jiangxiguozhengzhaobiaoyouxiangongsi, 一共：1条
2019-10-25 10:07:45,686 - webcrawer service - ERROR - 运行失败: chengdushigonggongziyuanjiaoyizhongxin
2019-10-25 10:07:45,781 - webcrawer service - ERROR - Traceback (most recent call last):
  File "D:/crawler/Web_crawler/new_Crawler/try_pipeline_test.py", line 133, in Pipeline
    result = testClass.RunMain(text["original_url"], self.key_array, key)
  File "D:\crawler\Web_crawler\new_Crawler\test.py", line 29, in RunMain
    html_str = model.parse_url(original_url)
  File "D:\crawler\Web_crawler\new_Crawler\CrawlerModule.py", line 54, in parse_url
    html_str = self.driver.page_source
  File "C:\Users\yuele\AppData\Local\Programs\Python\Python37\lib\site-packages\selenium\webdriver\remote\webdriver.py", line 679, in page_source
    return self.execute(Command.GET_PAGE_SOURCE)['value']
  File "C:\Users\yuele\AppData\Local\Programs\Python\Python37\lib\site-packages\selenium\webdriver\remote\webdriver.py", line 321, in execute
    self.error_handler.check_response(response)
  File "C:\Users\yuele\AppData\Local\Programs\Python\Python37\lib\site-packages\selenium\webdriver\remote\errorhandler.py", line 242, in check_response
    raise exception_class(message, screen, stacktrace)
selenium.common.exceptions.NoSuchWindowException: Message: no such window: target window already closed
from unknown error: web view not found
  (Session info: chrome=76.0.3809.87)


2019-10-25 10:14:13,368 - webcrawer service - ERROR - 运行失败: chengdushigonggongziyuanjiaoyizhongxin
2019-10-25 10:14:13,372 - webcrawer service - ERROR - Traceback (most recent call last):
  File "D:/crawler/Web_crawler/new_Crawler/try_pipeline_test.py", line 133, in Pipeline
    result = testClass.RunMain(text["original_url"], self.key_array, key)
  File "D:\crawler\Web_crawler\new_Crawler\test.py", line 29, in RunMain
    html_str = model.parse_url(original_url)
  File "D:\crawler\Web_crawler\new_Crawler\CrawlerModule.py", line 53, in parse_url
    self.driver.get(href_title)
  File "C:\Users\yuele\AppData\Local\Programs\Python\Python37\lib\site-packages\selenium\webdriver\remote\webdriver.py", line 333, in get
    self.execute(Command.GET, {'url': url})
  File "C:\Users\yuele\AppData\Local\Programs\Python\Python37\lib\site-packages\selenium\webdriver\remote\webdriver.py", line 321, in execute
    self.error_handler.check_response(response)
  File "C:\Users\yuele\AppData\Local\Programs\Python\Python37\lib\site-packages\selenium\webdriver\remote\errorhandler.py", line 242, in check_response
    raise exception_class(message, screen, stacktrace)
selenium.common.exceptions.TimeoutException: Message: timeout
  (Session info: chrome=76.0.3809.87)


2019-10-25 10:20:34,135 - webcrawer service - ERROR - 运行失败: chengdushigonggongziyuanjiaoyizhongxin
2019-10-25 10:20:34,145 - webcrawer service - ERROR - Traceback (most recent call last):
  File "D:/crawler/Web_crawler/new_Crawler/try_pipeline_test.py", line 133, in Pipeline
    result = testClass.RunMain(text["original_url"], self.key_array, key)
  File "D:\crawler\Web_crawler\new_Crawler\test.py", line 29, in RunMain
    html_str = model.parse_url(original_url)
  File "D:\crawler\Web_crawler\new_Crawler\CrawlerModule.py", line 53, in parse_url
    self.driver.get(href_title)
  File "C:\Users\yuele\AppData\Local\Programs\Python\Python37\lib\site-packages\selenium\webdriver\remote\webdriver.py", line 333, in get
    self.execute(Command.GET, {'url': url})
  File "C:\Users\yuele\AppData\Local\Programs\Python\Python37\lib\site-packages\selenium\webdriver\remote\webdriver.py", line 321, in execute
    self.error_handler.check_response(response)
  File "C:\Users\yuele\AppData\Local\Programs\Python\Python37\lib\site-packages\selenium\webdriver\remote\errorhandler.py", line 242, in check_response
    raise exception_class(message, screen, stacktrace)
selenium.common.exceptions.TimeoutException: Message: timeout
  (Session info: chrome=76.0.3809.87)


2019-10-25 10:26:41,628 - webcrawer service - ERROR - 运行失败: chengdushigonggongziyuanjiaoyizhongxin
2019-10-25 10:26:41,630 - webcrawer service - ERROR - Traceback (most recent call last):
  File "D:/crawler/Web_crawler/new_Crawler/try_pipeline_test.py", line 133, in Pipeline
    result = testClass.RunMain(text["original_url"], self.key_array, key)
  File "D:\crawler\Web_crawler\new_Crawler\test.py", line 29, in RunMain
    html_str = model.parse_url(original_url)
  File "D:\crawler\Web_crawler\new_Crawler\CrawlerModule.py", line 53, in parse_url
    self.driver.get(href_title)
  File "C:\Users\yuele\AppData\Local\Programs\Python\Python37\lib\site-packages\selenium\webdriver\remote\webdriver.py", line 333, in get
    self.execute(Command.GET, {'url': url})
  File "C:\Users\yuele\AppData\Local\Programs\Python\Python37\lib\site-packages\selenium\webdriver\remote\webdriver.py", line 321, in execute
    self.error_handler.check_response(response)
  File "C:\Users\yuele\AppData\Local\Programs\Python\Python37\lib\site-packages\selenium\webdriver\remote\errorhandler.py", line 242, in check_response
    raise exception_class(message, screen, stacktrace)
selenium.common.exceptions.TimeoutException: Message: timeout
  (Session info: chrome=76.0.3809.87)


2019-10-25 10:44:31,038 - webcrawer service - ERROR - 运行失败: zhongguoyouzheng
2019-10-25 10:44:31,044 - webcrawer service - ERROR - Traceback (most recent call last):
  File "D:/crawler/Web_crawler/new_Crawler/try_pipeline_test.py", line 133, in Pipeline
    result = testClass.RunMain(text["original_url"], self.key_array, key)
  File "D:\crawler\Web_crawler\new_Crawler\test.py", line 29, in RunMain
    html_str = model.parse_url(original_url)
  File "D:\crawler\Web_crawler\new_Crawler\CrawlerModule.py", line 53, in parse_url
    self.driver.get(href_title)
  File "C:\Users\yuele\AppData\Local\Programs\Python\Python37\lib\site-packages\selenium\webdriver\remote\webdriver.py", line 333, in get
    self.execute(Command.GET, {'url': url})
  File "C:\Users\yuele\AppData\Local\Programs\Python\Python37\lib\site-packages\selenium\webdriver\remote\webdriver.py", line 321, in execute
    self.error_handler.check_response(response)
  File "C:\Users\yuele\AppData\Local\Programs\Python\Python37\lib\site-packages\selenium\webdriver\remote\errorhandler.py", line 242, in check_response
    raise exception_class(message, screen, stacktrace)
selenium.common.exceptions.TimeoutException: Message: timeout
  (Session info: chrome=76.0.3809.87)


2019-10-25 10:48:51,472 - webcrawer service - INFO - 运行成功: zhongguoyouzheng, 一共：4条
2019-10-25 10:51:22,017 - webcrawer service - INFO - 运行成功: zhongguoyouzheng, 一共：4条
2019-10-25 10:52:44,907 - webcrawer service - ERROR - 运行失败: zhongguoyouzheng
2019-10-25 10:52:44,916 - webcrawer service - ERROR - Traceback (most recent call last):
  File "D:/crawler/Web_crawler/new_Crawler/try_pipeline_test.py", line 133, in Pipeline
    result = testClass.RunMain(text["original_url"], self.key_array, key)
  File "D:\crawler\Web_crawler\new_Crawler\test.py", line 29, in RunMain
    html_str = model.parse_url(original_url)
  File "D:\crawler\Web_crawler\new_Crawler\CrawlerModule.py", line 54, in parse_url
    html_str = self.driver.page_source
  File "C:\Users\yuele\AppData\Local\Programs\Python\Python37\lib\site-packages\selenium\webdriver\remote\webdriver.py", line 679, in page_source
    return self.execute(Command.GET_PAGE_SOURCE)['value']
  File "C:\Users\yuele\AppData\Local\Programs\Python\Python37\lib\site-packages\selenium\webdriver\remote\webdriver.py", line 321, in execute
    self.error_handler.check_response(response)
  File "C:\Users\yuele\AppData\Local\Programs\Python\Python37\lib\site-packages\selenium\webdriver\remote\errorhandler.py", line 242, in check_response
    raise exception_class(message, screen, stacktrace)
selenium.common.exceptions.NoSuchWindowException: Message: no such window: target window already closed
from unknown error: web view not found
  (Session info: chrome=76.0.3809.87)


2019-10-25 10:55:00,757 - webcrawer service - INFO - 运行成功: zhongguoyouzheng, 一共：4条
2019-10-25 11:33:55,640 - webcrawer service - INFO - 运行成功: bingtuanzhengfucaigouwang, 一共：0条
2019-10-25 11:37:35,001 - webcrawer service - INFO - 运行成功: bingtuanzhengfucaigouwang, 一共：2条
2019-10-25 11:50:24,511 - webcrawer service - INFO - 运行成功: anzhaocai2, 一共：0条
2019-10-25 13:15:00,127 - webcrawer service - INFO - 运行成功: anzhaocai2, 一共：2条
2019-10-25 13:26:41,230 - webcrawer service - INFO - 运行成功: anzhaocai2, 一共：0条
2019-10-25 13:33:14,124 - webcrawer service - INFO - 运行成功: anzhaocai2, 一共：0条
2019-10-25 14:09:14,030 - webcrawer service - ERROR - 运行失败: anzhaocai2
2019-10-25 15:23:33,789 - webcrawer service - INFO - 运行成功: anzhaocai2, 一共：2条
2019-10-25 15:27:32,825 - webcrawer service - ERROR - 运行失败: anzhaocai2
2019-10-25 15:27:32,827 - webcrawer service - ERROR - Traceback (most recent call last):
  File "D:/crawler/Web_crawler/new_Crawler/try_pipeline_test.py", line 133, in Pipeline
    result = testClass.RunMain(text["original_url"], self.key_array, key)
  File "D:\crawler\Web_crawler\new_Crawler\test.py", line 76, in RunMain
    html_str = model.parse_url("",url_type=original_url,url_params=tmp_parame)
  File "D:\crawler\Web_crawler\new_Crawler\CrawlerModule.py", line 66, in parse_url
    self.driver.find_element_by_xpath(url_param["button"]).click()
  File "C:\Users\yuele\AppData\Local\Programs\Python\Python37\lib\site-packages\selenium\webdriver\remote\webdriver.py", line 394, in find_element_by_xpath
    return self.find_element(by=By.XPATH, value=xpath)
  File "C:\Users\yuele\AppData\Local\Programs\Python\Python37\lib\site-packages\selenium\webdriver\remote\webdriver.py", line 978, in find_element
    'value': value})['value']
  File "C:\Users\yuele\AppData\Local\Programs\Python\Python37\lib\site-packages\selenium\webdriver\remote\webdriver.py", line 321, in execute
    self.error_handler.check_response(response)
  File "C:\Users\yuele\AppData\Local\Programs\Python\Python37\lib\site-packages\selenium\webdriver\remote\errorhandler.py", line 242, in check_response
    raise exception_class(message, screen, stacktrace)
selenium.common.exceptions.InvalidSelectorException: Message: invalid selector: The result of the xpath expression "//*[@id="gridcontainer1"]/div/div[2]/div/a/text()" is: [object Text]. It should be an element.
  (Session info: chrome=76.0.3809.87)


2019-10-25 15:38:20,516 - webcrawer service - ERROR - 运行失败: anzhaocai2
2019-10-25 15:38:20,759 - webcrawer service - ERROR - Traceback (most recent call last):
  File "D:/crawler/Web_crawler/new_Crawler/try_pipeline_test.py", line 135, in Pipeline
    pd.DataFrame(self.time_change(result)).to_csv(csv, encoding='utf_8_sig')
  File "C:\Users\yuele\AppData\Local\Programs\Python\Python37\lib\site-packages\pandas\core\generic.py", line 3228, in to_csv
    formatter.save()
  File "C:\Users\yuele\AppData\Local\Programs\Python\Python37\lib\site-packages\pandas\io\formats\csvs.py", line 183, in save
    compression=self.compression,
  File "C:\Users\yuele\AppData\Local\Programs\Python\Python37\lib\site-packages\pandas\io\common.py", line 399, in _get_handle
    f = open(path_or_buf, mode, encoding=encoding, newline="")
PermissionError: [Errno 13] Permission denied: './data/anzhaocai2.csv'

2019-10-25 15:40:35,743 - webcrawer service - ERROR - 运行失败: anzhaocai2
2019-10-25 15:40:35,747 - webcrawer service - ERROR - Traceback (most recent call last):
  File "D:/crawler/Web_crawler/new_Crawler/try_pipeline_test.py", line 135, in Pipeline
    pd.DataFrame(self.time_change(result)).to_csv(csv, encoding='utf_8_sig')
  File "C:\Users\yuele\AppData\Local\Programs\Python\Python37\lib\site-packages\pandas\core\generic.py", line 3228, in to_csv
    formatter.save()
  File "C:\Users\yuele\AppData\Local\Programs\Python\Python37\lib\site-packages\pandas\io\formats\csvs.py", line 183, in save
    compression=self.compression,
  File "C:\Users\yuele\AppData\Local\Programs\Python\Python37\lib\site-packages\pandas\io\common.py", line 399, in _get_handle
    f = open(path_or_buf, mode, encoding=encoding, newline="")
PermissionError: [Errno 13] Permission denied: './data/anzhaocai2.csv'

2019-10-25 15:47:45,460 - webcrawer service - ERROR - 运行失败: chengdushigonggongziyuanjiaoyizhongxin
2019-10-25 15:47:45,462 - webcrawer service - ERROR - Traceback (most recent call last):
  File "D:/crawler/Web_crawler/new_Crawler/try_pipeline_test.py", line 133, in Pipeline
    result = testClass.RunMain(text["original_url"], self.key_array, key)
  File "D:\crawler\Web_crawler\new_Crawler\test.py", line 76, in RunMain
    html_str = model.parse_url("",url_type=original_url,url_params=tmp_parame)
  File "D:\crawler\Web_crawler\new_Crawler\CrawlerModule.py", line 66, in parse_url
    self.driver.find_element_by_xpath(url_param["button"]).click()
  File "C:\Users\yuele\AppData\Local\Programs\Python\Python37\lib\site-packages\selenium\webdriver\remote\webdriver.py", line 394, in find_element_by_xpath
    return self.find_element(by=By.XPATH, value=xpath)
  File "C:\Users\yuele\AppData\Local\Programs\Python\Python37\lib\site-packages\selenium\webdriver\remote\webdriver.py", line 978, in find_element
    'value': value})['value']
  File "C:\Users\yuele\AppData\Local\Programs\Python\Python37\lib\site-packages\selenium\webdriver\remote\webdriver.py", line 321, in execute
    self.error_handler.check_response(response)
  File "C:\Users\yuele\AppData\Local\Programs\Python\Python37\lib\site-packages\selenium\webdriver\remote\errorhandler.py", line 242, in check_response
    raise exception_class(message, screen, stacktrace)
selenium.common.exceptions.NoSuchElementException: Message: no such element: Unable to locate element: {"method":"xpath","selector":"//*[@id="Pager"]/a[text()=11]"}
  (Session info: chrome=76.0.3809.87)


2019-10-28 09:41:22,420 - webcrawer service - ERROR - 运行失败: zhongguoyouzheng
2019-10-28 09:41:22,467 - webcrawer service - ERROR - Traceback (most recent call last):
  File "D:/crawler/Web_crawler/new_Crawler/try_pipeline_test.py", line 140, in Pipeline
    result = testClass.RunMain(text["original_url"], self.key_array, key)
  File "D:\crawler\Web_crawler\new_Crawler\test.py", line 40, in RunMain
    number = utils.retotalPage(ori_number)
  File "D:\crawler\Web_crawler\new_Crawler\utils.py", line 113, in retotalPage
    number = max(re.findall(r'\d+', ''.join(ori_number)))
ValueError: max() arg is an empty sequence

2019-10-28 09:42:06,217 - webcrawer service - INFO - 运行成功: zhongguoyouzheng, 一共：0条
2019-10-28 09:42:47,739 - webcrawer service - INFO - 运行成功: zhongguoyouzheng, 一共：0条
2019-10-28 10:01:43,187 - webcrawer service - ERROR - 运行失败: shanghaigonggongziyuanjiaoyiwang
2019-10-28 10:01:43,713 - webcrawer service - ERROR - Traceback (most recent call last):
  File "D:/crawler/Web_crawler/new_Crawler/try_pipeline_test.py", line 141, in Pipeline
    result = self.bank(result,text["type"])
KeyError: 'type'

2019-10-28 10:29:02,007 - webcrawer service - ERROR - 运行失败: shanghaigonggongziyuanjiaoyiwang
2019-10-28 10:29:02,007 - webcrawer service - ERROR - Traceback (most recent call last):
  File "D:/crawler/Web_crawler/new_Crawler/try_pipeline_test.py", line 141, in Pipeline
    result = self.bank(result,text["type"])
KeyError: 'type'

2019-10-28 10:31:34,757 - webcrawer service - ERROR - 运行失败: shanghaigonggongziyuanjiaoyiwang
2019-10-28 10:31:34,757 - webcrawer service - ERROR - Traceback (most recent call last):
  File "D:/crawler/Web_crawler/new_Crawler/try_pipeline_test.py", line 141, in Pipeline
    result = self.bank(result,text["type"])
KeyError: 'type'

2019-10-28 11:15:07,209 - webcrawer service - ERROR - 运行失败: shanghaigonggongziyuanjiaoyiwang
2019-10-28 11:15:07,211 - webcrawer service - ERROR - Traceback (most recent call last):
  File "D:/crawler/Web_crawler/new_Crawler/try_pipeline_test.py", line 141, in Pipeline
    result = self.bank(result,text["type"])
KeyError: 'type'

2019-10-28 11:24:23,849 - webcrawer service - INFO - 运行成功: shanghaigonggongziyuanjiaoyiwang, 一共：1条
2019-10-28 11:26:47,716 - webcrawer service - INFO - 运行成功: hainanshenggonggongziyuanjiaoyiwang, 一共：0条
2019-10-28 11:35:13,482 - webcrawer service - ERROR - 运行失败: hainanshenggonggongziyuanjiaoyiwang
2019-10-28 11:35:13,483 - webcrawer service - ERROR - Traceback (most recent call last):
  File "D:/crawler/Web_crawler/new_Crawler/try_pipeline_test.py", line 140, in Pipeline
    result = testClass.RunMain(text["original_url"], self.key_array, key)
  File "D:\crawler\Web_crawler\new_Crawler\test.py", line 40, in RunMain
    number = utils.retotalPage(ori_number)
  File "D:\crawler\Web_crawler\new_Crawler\utils.py", line 115, in retotalPage
    number = max(re.findall(r'\d+', ''.join(ori_number)))
ValueError: max() arg is an empty sequence

2019-10-28 11:45:33,778 - webcrawer service - INFO - 运行成功: hainanshenggonggongziyuanjiaoyiwang, 一共：1条
2019-10-28 16:04:13,381 - webcrawer service - INFO - 运行成功: chengdushigonggongziyuanjiaoyizhongxin, 一共：0条
